<?xml version="1.0" encoding="UTF-8"?>
<!-- Generated by org.testng.reporters.JUnitXMLReporter -->
<testsuite ignored="3" hostname="senthils-MacBook-Pro-2.local" failures="0" tests="1" name="Default test" time="37.362" errors="0" timestamp="10 Jun 2021 05:08:37 GMT">
  <testcase classname="hybridapp.HybridTest" name="testcase4" time="31.34"/>
  <testcase classname="hybridapp.HybridTest" name="testcase3" time="0.0">
    <ignored/>
  </testcase> <!-- testcase3 -->
  <testcase classname="hybridapp.HybridTest" name="testcase2" time="0.0">
    <ignored/>
  </testcase> <!-- testcase2 -->
  <testcase classname="hybridapp.HybridTest" name="testcase1" time="0.0">
    <ignored/>
  </testcase> <!-- testcase1 -->
</testsuite> <!-- Default test -->
