<?xml version="1.0" encoding="UTF-8"?>
<!-- Generated by org.testng.reporters.JUnitXMLReporter -->
<testsuite ignored="2" hostname="senthils-MacBook-Pro-2.local" failures="0" tests="1" name="Default test" time="23.674" errors="0" timestamp="10 Jun 2021 03:39:18 GMT">
  <testcase classname="hybridapp.HybridTest" name="testcase3" time="14.999"/>
  <testcase classname="hybridapp.HybridTest" name="testcase2" time="0.0">
    <ignored/>
  </testcase> <!-- testcase2 -->
  <testcase classname="hybridapp.HybridTest" name="testcase1" time="0.0">
    <ignored/>
  </testcase> <!-- testcase1 -->
</testsuite> <!-- Default test -->
